<?xml version="1.0" encoding="UTF-8"?>
<!-- Generated by org.testng.reporters.JUnitXMLReporter -->
<testsuite hostname="DESKTOP-5HFHNH1" ignored="0" name="Test" tests="4" failures="0" timestamp="2024-01-25T12:58:01 IST" time="52.539" errors="0">
  <testcase name="ClickMenuBtn" time="5.016" classname="Module1_LoginTest.PBLoginTest1"/>
  <testcase name="ClickOnClaim" time="5.4" classname="Module2_ClaimsTest.PBClaimsTest"/>
  <testcase name="verifyProfileName" time="4.998" classname="Module1_LoginTest.PBLoginTest1"/>
  <testcase name="verifypoliciesName" time="12.435" classname="Module1_LoginTest.PBLoginTest1"/>
</testsuite> <!-- Test -->
